#
# There is insufficient memory for the Java Runtime Environment to continue.
# Native memory allocation (malloc) failed to allocate 32744 bytes for ChunkPool::allocate
# Possible reasons:
#   The system is out of physical RAM or swap space
#   In 32 bit mode, the process size limit was hit
# Possible solutions:
#   Reduce memory load on the system
#   Increase physical memory or swap space
#   Check if swap backing store is full
#   Use 64 bit Java on a 64 bit OS
#   Decrease Java heap size (-Xmx/-Xms)
#   Decrease number of Java threads
#   Decrease Java thread stack sizes (-Xss)
#   Set larger code cache with -XX:ReservedCodeCacheSize=
# This output file may be truncated or incomplete.
#
#  Out of Memory Error (allocation.cpp:273), pid=4084, tid=0x00000000000033b4
#
# JRE version: OpenJDK Runtime Environment (8.0_76-b03) (build 1.8.0_76-release-b03)
# Java VM: OpenJDK 64-Bit Server VM (25.76-b03 mixed mode windows-amd64 compressed oops)
# Failed to write core dump. Minidumps are not enabled by default on client versions of Windows
#

---------------  T H R E A D  ---------------

Current thread (0x0000000014f7d000):  JavaThread "C1 CompilerThread2" daemon [_thread_in_native, id=13236, stack(0x0000000016770000,0x0000000016870000)]

Stack: [0x0000000016770000,0x0000000016870000]
[error occurred during error reporting (printing stack bounds), id 0xc0000005]

Native frames: (J=compiled Java code, j=interpreted, Vv=VM code, C=native code)


Current CompileTask:
C1:    199   45  s!   3       sun.misc.URLClassPath::getLoader (197 bytes)


---------------  P R O C E S S  ---------------

Java Threads: ( => current thread )
  0x0000000016874800 JavaThread "Service Thread" daemon [_thread_blocked, id=4864, stack(0x0000000016c70000,0x0000000016d70000)]
=>0x0000000014f7d000 JavaThread "C1 CompilerThread2" daemon [_thread_in_native, id=13236, stack(0x0000000016770000,0x0000000016870000)]
  0x0000000014f25000 JavaThread "C2 CompilerThread1" daemon [_thread_blocked, id=12712, stack(0x0000000016670000,0x0000000016770000)]
  0x0000000014f22000 JavaThread "C2 CompilerThread0" daemon [_thread_blocked, id=12072, stack(0x0000000016570000,0x0000000016670000)]
  0x0000000014f20800 JavaThread "Attach Listener" daemon [_thread_blocked, id=6404, stack(0x0000000016470000,0x0000000016570000)]
  0x0000000014f1f000 JavaThread "Signal Dispatcher" daemon [_thread_blocked, id=788, stack(0x0000000016370000,0x0000000016470000)]
  0x0000000014f08000 JavaThread "Finalizer" daemon [_thread_blocked, id=10304, stack(0x0000000016180000,0x0000000016280000)]
  0x0000000002841800 JavaThread "Reference Handler" daemon [_thread_blocked, id=3880, stack(0x0000000016080000,0x0000000016180000)]
  0x0000000002750800 JavaThread "main" [_thread_in_Java, id=6928, stack(0x0000000002650000,0x0000000002750000)]

Other Threads:
  0x0000000014ee5000 VMThread [stack: 0x0000000015f80000,0x0000000016080000] [id=7608]
  0x0000000016875000 WatcherThread [stack: 0x0000000016d70000,0x0000000016e70000] [id=4788]

VM state:not at safepoint (normal execution)

VM Mutex/Monitor currently owned by a thread: None

Heap:
 PSYoungGen      total 76288K, used 2621K [0x00000000eab00000, 0x00000000f0000000, 0x0000000100000000)
  eden space 65536K, 4% used [0x00000000eab00000,0x00000000ead8f5e8,0x00000000eeb00000)
  from space 10752K, 0% used [0x00000000ef580000,0x00000000ef580000,0x00000000f0000000)
  to   space 10752K, 0% used [0x00000000eeb00000,0x00000000eeb00000,0x00000000ef580000)
 ParOldGen       total 175104K, used 0K [0x00000000c0000000, 0x00000000cab00000, 0x00000000eab00000)
  object space 175104K, 0% used [0x00000000c0000000,0x00000000c0000000,0x00000000cab00000)
 Metaspace       used 2962K, capacity 4656K, committed 4864K, reserved 1056768K
  class space    used 314K, capacity 424K, committed 512K, reserved 1048576K

Card table byte_map: [0x0000000011c10000,0x0000000011e20000] byte_map_base: 0x0000000011610000

Marking Bits: (ParMarkBitMap*) 0x0000000057a59d00
 Begin Bits: [0x0000000012380000, 0x0000000013380000)
 End Bits:   [0x0000000013380000, 0x0000000014380000)

Polling page: 0x0000000002590000

CodeCache: size=245760Kb used=1129Kb max_used=1129Kb free=244630Kb
 bounds [0x0000000002850000, 0x0000000002ac0000, 0x0000000011850000]
 total_blobs=281 nmethods=44 adapters=151
 compilation: enabled

Compilation events (10 events):
Event: 0.179 Thread 0x0000000014f7d000 nmethod 40 0x0000000002967810 code [0x0000000002967960, 0x0000000002967a70]
Event: 0.179 Thread 0x0000000014f7d000   41       1       java.net.URL::getProtocol (5 bytes)
Event: 0.179 Thread 0x0000000014f7d000 nmethod 41 0x0000000002967ad0 code [0x0000000002967c20, 0x0000000002967d30]
Event: 0.179 Thread 0x0000000014f7d000   42       1       java.lang.String::length (6 bytes)
Event: 0.180 Thread 0x0000000014f7d000 nmethod 42 0x0000000002967d90 code [0x0000000002967ee0, 0x0000000002967ff0]
Event: 0.192 Thread 0x0000000014f7d000   43       3       java.util.HashMap::getNode (148 bytes)
Event: 0.193 Thread 0x0000000014f7d000 nmethod 43 0x0000000002968910 code [0x0000000002968ae0, 0x0000000002969488]
Event: 0.194 Thread 0x0000000014f7d000   44  s    3       sun.misc.URLClassPath::getNextLoader (88 bytes)
Event: 0.195 Thread 0x0000000014f7d000 nmethod 44 0x0000000002969750 code [0x0000000002969920, 0x000000000296a188]
Event: 0.195 Thread 0x0000000014f7d000   45  s!   3       sun.misc.URLClassPath::getLoader (197 bytes)

GC Heap History (0 events):
No events

Deoptimization events (0 events):
No events

Internal exceptions (2 events):
Event: 0.052 Thread 0x0000000002750800 Exception <a 'java/lang/NoSuchMethodError': Method sun.misc.Unsafe.defineClass(Ljava/lang/String;[BII)Ljava/lang/Class; name or signature does not match> (0x00000000eab07cc0) thrown at [C:\src\android\AOSP-openjdk\external\jetbrains\jdk\hotspot\src\share\vXYÿ¥ñ£ª?
Event: 0.052 Thread 0x0000000002750800 Exception <a 'java/lang/NoSuchMethodError': Method sun.misc.Unsafe.prefetchRead(Ljava/lang/Object;J)V name or signature does not match> (0x00000000eab07fa8) thrown at [C:\src\android\AOSP-openjdk\external\jetbrains\jdk\hotspot\src\share\vm\prims\jni.cpp, l

Events (10 events):
Event: 0.191 loading class java/util/concurrent/Executors$DefaultThreadFactory
Event: 0.191 loading class java/util/concurrent/ThreadFactory
Event: 0.191 loading class java/util/concurrent/ThreadFactory done
Event: 0.191 loading class java/util/concurrent/Executors$DefaultThreadFactory done
Event: 0.191 loading class com/android/dx/dex/file/DexFile
Event: 0.191 loading class com/android/dx/dex/file/DexFile done
Event: 0.192 loading class com/android/dx/rop/cst/Constant
Event: 0.192 loading class com/android/dx/rop/cst/Constant done
Event: 0.194 loading class com/android/dx/util/ToHuman
Event: 0.194 loading class com/android/dx/util/ToHuman done


Dynamic libraries:
0x00007ff7ca460000 - 0x00007ff7ca491000 	C:\Program Files\Android\Android Studio\jre\bin\java.exe
0x00007ffc12300000 - 0x00007ffc124d1000 	C:\Windows\SYSTEM32\ntdll.dll
0x00007ffc10060000 - 0x00007ffc1010b000 	C:\Windows\System32\KERNEL32.DLL
0x00007ffc0e7f0000 - 0x00007ffc0ea0d000 	C:\Windows\System32\KERNELBASE.dll
0x00007ffc0fc10000 - 0x00007ffc0fcb2000 	C:\Windows\System32\ADVAPI32.dll
0x00007ffc0fb70000 - 0x00007ffc0fc0e000 	C:\Windows\System32\msvcrt.dll
0x00007ffc10340000 - 0x00007ffc10399000 	C:\Windows\System32\sechost.dll
0x00007ffc121b0000 - 0x00007ffc122d1000 	C:\Windows\System32\RPCRT4.dll
0x00007ffc0f900000 - 0x00007ffc0fa65000 	C:\Windows\System32\USER32.dll
0x00007ffc0ed90000 - 0x00007ffc0edae000 	C:\Windows\System32\win32u.dll
0x00007ffc10180000 - 0x00007ffc101b4000 	C:\Windows\System32\GDI32.dll
0x00007ffc0edb0000 - 0x00007ffc0ef32000 	C:\Windows\System32\gdi32full.dll
0x00007ffc03020000 - 0x00007ffc03299000 	C:\Windows\WinSxS\amd64_microsoft.windows.common-controls_6595b64144ccf1df_6.0.14393.0_none_2d0f50fcbdb171b8\COMCTL32.dll
0x00007ffc0fd90000 - 0x00007ffc10057000 	C:\Windows\System32\combase.dll
0x00007ffc0ec90000 - 0x00007ffc0ed85000 	C:\Windows\System32\ucrtbase.dll
0x00007ffc0ebc0000 - 0x00007ffc0ec2a000 	C:\Windows\System32\bcryptPrimitives.dll
0x00007ffc10300000 - 0x00007ffc1032e000 	C:\Windows\System32\IMM32.DLL
0x00000000570e0000 - 0x00000000571b2000 	C:\Program Files\Android\Android Studio\jre\jre\bin\msvcr100.dll
0x00000000572a0000 - 0x0000000057ad4000 	C:\Program Files\Android\Android Studio\jre\jre\bin\server\jvm.dll
0x00007ffc10330000 - 0x00007ffc10338000 	C:\Windows\System32\PSAPI.DLL
0x00007ffc0ce00000 - 0x00007ffc0ce09000 	C:\Windows\SYSTEM32\WSOCK32.dll
0x00007ffc10540000 - 0x00007ffc105aa000 	C:\Windows\System32\WS2_32.dll
0x00007ffc0c8e0000 - 0x00007ffc0c903000 	C:\Windows\SYSTEM32\WINMM.dll
0x00007ffc08410000 - 0x00007ffc0841a000 	C:\Windows\SYSTEM32\VERSION.dll
0x00007ffc0c7c0000 - 0x00007ffc0c7eb000 	C:\Windows\SYSTEM32\WINMMBASE.dll
0x00007ffc0eb70000 - 0x00007ffc0ebb2000 	C:\Windows\System32\cfgmgr32.dll
0x00007ffc0cdf0000 - 0x00007ffc0cdff000 	C:\Program Files\Android\Android Studio\jre\jre\bin\verify.dll
0x00007ffc0c790000 - 0x00007ffc0c7b9000 	C:\Program Files\Android\Android Studio\jre\jre\bin\java.dll
0x00007ffc0c910000 - 0x00007ffc0c926000 	C:\Program Files\Android\Android Studio\jre\jre\bin\zip.dll
0x00007ffc105b0000 - 0x00007ffc11ab8000 	C:\Windows\System32\SHELL32.dll
0x00007ffc0f110000 - 0x00007ffc0f7ea000 	C:\Windows\System32\windows.storage.dll
0x00007ffc0e7a0000 - 0x00007ffc0e7ec000 	C:\Windows\System32\powrprof.dll
0x00007ffc10110000 - 0x00007ffc10162000 	C:\Windows\System32\shlwapi.dll
0x00007ffc0e760000 - 0x00007ffc0e76f000 	C:\Windows\System32\kernel.appcore.dll
0x00007ffc0ea10000 - 0x00007ffc0eab9000 	C:\Windows\System32\shcore.dll
0x00007ffc0e780000 - 0x00007ffc0e794000 	C:\Windows\System32\profapi.dll

VM Arguments:
jvm_args: -Djava.awt.headless=true -Xmx1024M -Dfile.encoding=windows-1251 -Duser.country=US -Duser.language=en -Duser.variant 
java_command: com.android.dx.command.Main --dex --force-jumbo --num-threads=4 --multi-dex --output C:\Slowy\app\build\intermediates\transforms\dex\debug\folders\1000\5\slice_8 C:\Slowy\app\build\intermediates\transforms\instantRunSlicer\debug\folders\1\5\slice_8
java_class_path (initial): C:\Android\sdk\build-tools\24.0.1\lib\dx.jar
Launcher Type: SUN_STANDARD

Environment Variables:
PATH=C:\Windows\system32;C:\Windows;C:\Windows\System32\Wbem;C:\Windows\System32\WindowsPowerShell\v1.0\;C:\Program Files (x86)\NVIDIA Corporation\PhysX\Common;C:\Program Files (x86)\GtkSharp\2.12\bin;C:\Windows\system32\config\systemprofile\.dnx\bin;C:\Program Files\Microsoft DNX\Dnvm\;C:\Program Files\Microsoft SQL Server\120\Tools\Binn\;C:\Program Files\Microsoft SQL Server\130\Tools\Binn\;C:\Program Files (x86)\Microsoft Emulator Manager\1.0\;C:\Program Files (x86)\nodejs\;C:\Program Files\Git\cmd;C:\Program Files (x86)\Windows Kits\10\Windows Performance Toolkit\;C:\Users\BIG-Z\AppData\Local\Microsoft\WindowsApps;C:\Users\BIG-Z\AppData\Roaming\npm
USERNAME=BIG-Z
OS=Windows_NT
PROCESSOR_IDENTIFIER=Intel64 Family 6 Model 42 Stepping 7, GenuineIntel



---------------  S Y S T E M  ---------------

OS: Windows 10.0 , 64 bit Build 14393 (10.0.14393.0)

CPU:total 4 (4 cores per cpu, 1 threads per core) family 6 model 42 stepping 7, cmov, cx8, fxsr, mmx, sse, sse2, sse3, ssse3, sse4.1, sse4.2, popcnt, avx, aes, clmul, tsc, tscinvbit

Memory: 4k page, physical 16746384k(2755364k free), swap 16746384k(5116k free)

vm_info: OpenJDK 64-Bit Server VM (25.76-b03) for windows-amd64 JRE (1.8.0_76-release-b03), built on Jun 29 2016 19:09:20 by "ralucas" with MS VC++ 10.0 (VS2010)

time: Sun Oct 09 23:41:28 2016
elapsed time: 0 seconds (0d 0h 0m 0s)

