#
# There is insufficient memory for the Java Runtime Environment to continue.
# Native memory allocation (malloc) failed to allocate 32744 bytes for ChunkPool::allocate
# Possible reasons:
#   The system is out of physical RAM or swap space
#   In 32 bit mode, the process size limit was hit
# Possible solutions:
#   Reduce memory load on the system
#   Increase physical memory or swap space
#   Check if swap backing store is full
#   Use 64 bit Java on a 64 bit OS
#   Decrease Java heap size (-Xmx/-Xms)
#   Decrease number of Java threads
#   Decrease Java thread stack sizes (-Xss)
#   Set larger code cache with -XX:ReservedCodeCacheSize=
# This output file may be truncated or incomplete.
#
#  Out of Memory Error (allocation.cpp:273), pid=12476, tid=0x0000000000001310
#
# JRE version: OpenJDK Runtime Environment (8.0_76-b03) (build 1.8.0_76-release-b03)
# Java VM: OpenJDK 64-Bit Server VM (25.76-b03 mixed mode windows-amd64 compressed oops)
# Failed to write core dump. Minidumps are not enabled by default on client versions of Windows
#

---------------  T H R E A D  ---------------

Current thread (0x0000000014d3d000):  JavaThread "C1 CompilerThread2" daemon [_thread_in_native, id=4880, stack(0x0000000016530000,0x0000000016630000)]

Stack: [0x0000000016530000,0x0000000016630000]
[error occurred during error reporting (printing stack bounds), id 0xc0000005]

Native frames: (J=compiled Java code, j=interpreted, Vv=VM code, C=native code)


Current CompileTask:
C1:   1080  577       3       com.android.dx.cf.direct.AnnotationParser::parseValue (805 bytes)


---------------  P R O C E S S  ---------------

Java Threads: ( => current thread )
  0x00000000168dc000 JavaThread "pool-3-thread-1" [_thread_blocked, id=11848, stack(0x0000000016d30000,0x0000000016e30000)]
  0x00000000168db000 JavaThread "pool-2-thread-1" [_thread_in_Java, id=2708, stack(0x0000000016c30000,0x0000000016d30000)]
  0x0000000016632800 JavaThread "Service Thread" daemon [_thread_blocked, id=6288, stack(0x0000000016a30000,0x0000000016b30000)]
=>0x0000000014d3d000 JavaThread "C1 CompilerThread2" daemon [_thread_in_native, id=4880, stack(0x0000000016530000,0x0000000016630000)]
  0x0000000014d31800 JavaThread "C2 CompilerThread1" daemon [_thread_in_vm, id=6920, stack(0x0000000016430000,0x0000000016530000)]
  0x0000000014cdd000 JavaThread "C2 CompilerThread0" daemon [_thread_in_native, id=7192, stack(0x0000000016330000,0x0000000016430000)]
  0x0000000014cdb800 JavaThread "Attach Listener" daemon [_thread_blocked, id=12400, stack(0x0000000016230000,0x0000000016330000)]
  0x0000000014cda800 JavaThread "Signal Dispatcher" daemon [_thread_blocked, id=9992, stack(0x0000000016130000,0x0000000016230000)]
  0x0000000014cc8800 JavaThread "Finalizer" daemon [_thread_blocked, id=1148, stack(0x0000000015f40000,0x0000000016040000)]
  0x0000000002600800 JavaThread "Reference Handler" daemon [_thread_blocked, id=5420, stack(0x0000000015e40000,0x0000000015f40000)]
  0x0000000002510800 JavaThread "main" [_thread_blocked, id=11792, stack(0x0000000002310000,0x0000000002410000)]

Other Threads:
  0x0000000014ca5000 VMThread [stack: 0x0000000015d40000,0x0000000015e40000] [id=6856]
  0x0000000016634000 WatcherThread [stack: 0x0000000016b30000,0x0000000016c30000] [id=3284]

VM state:not at safepoint (normal execution)

VM Mutex/Monitor currently owned by a thread: None

Heap:
 PSYoungGen      total 76288K, used 60300K [0x00000000eab00000, 0x00000000f0000000, 0x0000000100000000)
  eden space 65536K, 92% used [0x00000000eab00000,0x00000000ee5e3360,0x00000000eeb00000)
  from space 10752K, 0% used [0x00000000ef580000,0x00000000ef580000,0x00000000f0000000)
  to   space 10752K, 0% used [0x00000000eeb00000,0x00000000eeb00000,0x00000000ef580000)
 ParOldGen       total 175104K, used 0K [0x00000000c0000000, 0x00000000cab00000, 0x00000000eab00000)
  object space 175104K, 0% used [0x00000000c0000000,0x00000000c0000000,0x00000000cab00000)
 Metaspace       used 5691K, capacity 6704K, committed 6784K, reserved 1058816K
  class space    used 570K, capacity 616K, committed 640K, reserved 1048576K

Card table byte_map: [0x00000000119d0000,0x0000000011be0000] byte_map_base: 0x00000000113d0000

Marking Bits: (ParMarkBitMap*) 0x0000000057a59d00
 Begin Bits: [0x0000000012140000, 0x0000000013140000)
 End Bits:   [0x0000000013140000, 0x0000000014140000)

Polling page: 0x0000000000810000

CodeCache: size=245760Kb used=2418Kb max_used=2437Kb free=243341Kb
 bounds [0x0000000002610000, 0x0000000002880000, 0x0000000011610000]
 total_blobs=844 nmethods=576 adapters=182
 compilation: enabled

Compilation events (10 events):
Event: 0.757 Thread 0x0000000014d3d000  565       1       com.android.dx.cf.code.LineNumberList$Item::getLineNumber (5 bytes)
Event: 0.757 Thread 0x0000000014d3d000 nmethod 565 0x000000000286b850 code [0x000000000286b9a0, 0x000000000286bab0]
Event: 0.757 Thread 0x0000000014d3d000  573       3       com.android.dx.cf.direct.MethodListParser::set (30 bytes)
Event: 0.757 Thread 0x0000000014d3d000 nmethod 573 0x000000000286bb10 code [0x000000000286bd00, 0x000000000286c738]
Event: 0.757 Thread 0x0000000014d3d000  577       3       com.android.dx.cf.direct.AnnotationParser::parseValue (805 bytes)
Event: 0.757 Thread 0x0000000014cdd000  578       4       com.android.dx.rop.cst.CstType::compareTo0 (25 bytes)
Event: 0.758 Thread 0x0000000014cdd000 nmethod 578 0x0000000002872d10 code [0x0000000002872e60, 0x0000000002872ff8]
Event: 0.758 Thread 0x0000000014d31800 nmethod 566 0x0000000002872490 code [0x0000000002872600, 0x00000000028729a8]
Event: 0.760 Thread 0x0000000014d31800  591       4       com.android.dx.rop.type.Type::getCategory (36 bytes)
Event: 0.760 Thread 0x0000000014d31800 nmethod 591 0x0000000002861750 code [0x0000000002861880, 0x00000000028618f8]

GC Heap History (0 events):
No events

Deoptimization events (8 events):
Event: 0.739 Thread 0x00000000168de800 Uncommon trap: reason=class_check action=maybe_recompile pc=0x00000000027fefe8 method=com.android.dx.rop.cst.CstMemberRef.compareTo0(Lcom/android/dx/rop/cst/Constant;)I @ 1
Event: 0.739 Thread 0x00000000168e0000 Uncommon trap: reason=class_check action=maybe_recompile pc=0x00000000027fefe8 method=com.android.dx.rop.cst.CstMemberRef.compareTo0(Lcom/android/dx/rop/cst/Constant;)I @ 1
Event: 0.739 Thread 0x00000000168e0000 Uncommon trap: reason=class_check action=maybe_recompile pc=0x00000000027fefe8 method=com.android.dx.rop.cst.CstMemberRef.compareTo0(Lcom/android/dx/rop/cst/Constant;)I @ 1
Event: 0.739 Thread 0x00000000168df800 Uncommon trap: reason=class_check action=maybe_recompile pc=0x00000000027fefe8 method=com.android.dx.rop.cst.CstMemberRef.compareTo0(Lcom/android/dx/rop/cst/Constant;)I @ 1
Event: 0.740 Thread 0x00000000168de800 Uncommon trap: reason=class_check action=maybe_recompile pc=0x000000000283fa84 method=java.util.HashMap.getNode(ILjava/lang/Object;)Ljava/util/HashMap$Node; @ 126
Event: 0.740 Thread 0x00000000168df800 Uncommon trap: reason=class_check action=maybe_recompile pc=0x000000000283fa84 method=java.util.HashMap.getNode(ILjava/lang/Object;)Ljava/util/HashMap$Node; @ 126
Event: 0.751 Thread 0x00000000168e0000 Uncommon trap: reason=class_check action=maybe_recompile pc=0x000000000283fa84 method=java.util.HashMap.getNode(ILjava/lang/Object;)Ljava/util/HashMap$Node; @ 126
Event: 0.754 Thread 0x00000000168e0000 Uncommon trap: reason=class_check action=maybe_recompile pc=0x000000000283fa84 method=java.util.HashMap.getNode(ILjava/lang/Object;)Ljava/util/HashMap$Node; @ 126

Internal exceptions (2 events):
Event: 0.079 Thread 0x0000000002510800 Exception <a 'java/lang/NoSuchMethodError': Method sun.misc.Unsafe.defineClass(Ljava/lang/String;[BII)Ljava/lang/Class; name or signature does not match> (0x00000000eab07cc0) thrown at [C:\src\android\AOSP-openjdk\external\jetbrains\jdk\hotspot\src\share\vj¸PõiW´?
Event: 0.079 Thread 0x0000000002510800 Exception <a 'java/lang/NoSuchMethodError': Method sun.misc.Unsafe.prefetchRead(Ljava/lang/Object;J)V name or signature does not match> (0x00000000eab07fa8) thrown at [C:\src\android\AOSP-openjdk\external\jetbrains\jdk\hotspot\src\share\vm\prims\jni.cpp, l

Events (10 events):
Event: 0.746 loading class com/android/dx/dex/file/AnnotationSetRefItem
Event: 0.746 loading class com/android/dx/dex/file/AnnotationSetRefItem done
Event: 0.751 Thread 0x00000000168e0000 Uncommon trap: trap_request=0xffffffde fr.pc=0x000000000283fa84
Event: 0.751 Thread 0x00000000168e0000 DEOPT PACKING pc=0x000000000283fa84 sp=0x000000001712e780
Event: 0.751 Thread 0x00000000168e0000 DEOPT UNPACKING pc=0x000000000265556a sp=0x000000001712e6f0 mode 2
Event: 0.751 Executing VM operation: CollectForMetadataAllocation
Event: 0.754 Executing VM operation: CollectForMetadataAllocation done
Event: 0.754 Thread 0x00000000168e0000 Uncommon trap: trap_request=0xffffffde fr.pc=0x000000000283fa84
Event: 0.754 Thread 0x00000000168e0000 DEOPT PACKING pc=0x000000000283fa84 sp=0x000000001712e700
Event: 0.754 Thread 0x00000000168e0000 DEOPT UNPACKING pc=0x000000000265556a sp=0x000000001712e670 mode 2


Dynamic libraries:
0x00007ff7ca460000 - 0x00007ff7ca491000 	C:\Program Files\Android\Android Studio\jre\bin\java.exe
0x00007ffc12300000 - 0x00007ffc124d1000 	C:\Windows\SYSTEM32\ntdll.dll
0x00007ffc10060000 - 0x00007ffc1010b000 	C:\Windows\System32\KERNEL32.DLL
0x00007ffc0e7f0000 - 0x00007ffc0ea0d000 	C:\Windows\System32\KERNELBASE.dll
0x00007ffc0fc10000 - 0x00007ffc0fcb2000 	C:\Windows\System32\ADVAPI32.dll
0x00007ffc0fb70000 - 0x00007ffc0fc0e000 	C:\Windows\System32\msvcrt.dll
0x00007ffc10340000 - 0x00007ffc10399000 	C:\Windows\System32\sechost.dll
0x00007ffc121b0000 - 0x00007ffc122d1000 	C:\Windows\System32\RPCRT4.dll
0x00007ffc0f900000 - 0x00007ffc0fa65000 	C:\Windows\System32\USER32.dll
0x00007ffc0ed90000 - 0x00007ffc0edae000 	C:\Windows\System32\win32u.dll
0x00007ffc10180000 - 0x00007ffc101b4000 	C:\Windows\System32\GDI32.dll
0x00007ffc0edb0000 - 0x00007ffc0ef32000 	C:\Windows\System32\gdi32full.dll
0x00007ffc03020000 - 0x00007ffc03299000 	C:\Windows\WinSxS\amd64_microsoft.windows.common-controls_6595b64144ccf1df_6.0.14393.0_none_2d0f50fcbdb171b8\COMCTL32.dll
0x00007ffc0fd90000 - 0x00007ffc10057000 	C:\Windows\System32\combase.dll
0x00007ffc0ec90000 - 0x00007ffc0ed85000 	C:\Windows\System32\ucrtbase.dll
0x00007ffc0ebc0000 - 0x00007ffc0ec2a000 	C:\Windows\System32\bcryptPrimitives.dll
0x00007ffc10300000 - 0x00007ffc1032e000 	C:\Windows\System32\IMM32.DLL
0x00000000570e0000 - 0x00000000571b2000 	C:\Program Files\Android\Android Studio\jre\jre\bin\msvcr100.dll
0x00000000572a0000 - 0x0000000057ad4000 	C:\Program Files\Android\Android Studio\jre\jre\bin\server\jvm.dll
0x00007ffc10330000 - 0x00007ffc10338000 	C:\Windows\System32\PSAPI.DLL
0x00007ffc0ce00000 - 0x00007ffc0ce09000 	C:\Windows\SYSTEM32\WSOCK32.dll
0x00007ffc10540000 - 0x00007ffc105aa000 	C:\Windows\System32\WS2_32.dll
0x00007ffc0c8e0000 - 0x00007ffc0c903000 	C:\Windows\SYSTEM32\WINMM.dll
0x00007ffc08410000 - 0x00007ffc0841a000 	C:\Windows\SYSTEM32\VERSION.dll
0x00007ffc0c7c0000 - 0x00007ffc0c7eb000 	C:\Windows\SYSTEM32\WINMMBASE.dll
0x00007ffc0eb70000 - 0x00007ffc0ebb2000 	C:\Windows\System32\cfgmgr32.dll
0x00007ffc0cdf0000 - 0x00007ffc0cdff000 	C:\Program Files\Android\Android Studio\jre\jre\bin\verify.dll
0x00007ffc0c790000 - 0x00007ffc0c7b9000 	C:\Program Files\Android\Android Studio\jre\jre\bin\java.dll
0x00007ffc0c910000 - 0x00007ffc0c926000 	C:\Program Files\Android\Android Studio\jre\jre\bin\zip.dll
0x00007ffc105b0000 - 0x00007ffc11ab8000 	C:\Windows\System32\SHELL32.dll
0x00007ffc0f110000 - 0x00007ffc0f7ea000 	C:\Windows\System32\windows.storage.dll
0x00007ffc0e7a0000 - 0x00007ffc0e7ec000 	C:\Windows\System32\powrprof.dll
0x00007ffc10110000 - 0x00007ffc10162000 	C:\Windows\System32\shlwapi.dll
0x00007ffc0e760000 - 0x00007ffc0e76f000 	C:\Windows\System32\kernel.appcore.dll
0x00007ffc0ea10000 - 0x00007ffc0eab9000 	C:\Windows\System32\shcore.dll
0x00007ffc0e780000 - 0x00007ffc0e794000 	C:\Windows\System32\profapi.dll

VM Arguments:
jvm_args: -Djava.awt.headless=true -Xmx1024M -Dfile.encoding=windows-1251 -Duser.country=US -Duser.language=en -Duser.variant 
java_command: com.android.dx.command.Main --dex --force-jumbo --num-threads=4 --multi-dex --output C:\Slowy\app\build\intermediates\transforms\dex\debug\folders\1000\10\ffmpeg-3.0.2-1.2_47f0601a9b430d9007279327c698e99a0bf555f7 C:\Users\BIG-Z\.gradle\caches\modules-2\files-2.1\org.bytedeco.javacpp-presets\ffmpeg\3.0.2-1.2\a241e53329a9601667c79afa64236d4abbac56a0\ffmpeg-3.0.2-1.2.jar
java_class_path (initial): C:\Android\sdk\build-tools\24.0.1\lib\dx.jar
Launcher Type: SUN_STANDARD

Environment Variables:
PATH=C:\Windows\system32;C:\Windows;C:\Windows\System32\Wbem;C:\Windows\System32\WindowsPowerShell\v1.0\;C:\Program Files (x86)\NVIDIA Corporation\PhysX\Common;C:\Program Files (x86)\GtkSharp\2.12\bin;C:\Windows\system32\config\systemprofile\.dnx\bin;C:\Program Files\Microsoft DNX\Dnvm\;C:\Program Files\Microsoft SQL Server\120\Tools\Binn\;C:\Program Files\Microsoft SQL Server\130\Tools\Binn\;C:\Program Files (x86)\Microsoft Emulator Manager\1.0\;C:\Program Files (x86)\nodejs\;C:\Program Files\Git\cmd;C:\Program Files (x86)\Windows Kits\10\Windows Performance Toolkit\;C:\Users\BIG-Z\AppData\Local\Microsoft\WindowsApps;C:\Users\BIG-Z\AppData\Roaming\npm
USERNAME=BIG-Z
OS=Windows_NT
PROCESSOR_IDENTIFIER=Intel64 Family 6 Model 42 Stepping 7, GenuineIntel



---------------  S Y S T E M  ---------------

OS: Windows 10.0 , 64 bit Build 14393 (10.0.14393.0)

CPU:total 4 (4 cores per cpu, 1 threads per core) family 6 model 42 stepping 7, cmov, cx8, fxsr, mmx, sse, sse2, sse3, ssse3, sse4.1, sse4.2, popcnt, avx, aes, clmul, tsc, tscinvbit

Memory: 4k page, physical 16746384k(2759088k free), swap 16746384k(969356k free)

vm_info: OpenJDK 64-Bit Server VM (25.76-b03) for windows-amd64 JRE (1.8.0_76-release-b03), built on Jun 29 2016 19:09:20 by "ralucas" with MS VC++ 10.0 (VS2010)

time: Sun Oct 09 23:41:29 2016
elapsed time: 1 seconds (0d 0h 0m 1s)

