#
# There is insufficient memory for the Java Runtime Environment to continue.
# Native memory allocation (malloc) failed to allocate 16384 bytes for AllocateHeap
# Possible reasons:
#   The system is out of physical RAM or swap space
#   In 32 bit mode, the process size limit was hit
# Possible solutions:
#   Reduce memory load on the system
#   Increase physical memory or swap space
#   Check if swap backing store is full
#   Use 64 bit Java on a 64 bit OS
#   Decrease Java heap size (-Xmx/-Xms)
#   Decrease number of Java threads
#   Decrease Java thread stack sizes (-Xss)
#   Set larger code cache with -XX:ReservedCodeCacheSize=
# This output file may be truncated or incomplete.
#
#  Out of Memory Error (memory/allocation.inline.hpp:61), pid=11744, tid=0x0000000000001964
#
# JRE version: OpenJDK Runtime Environment (8.0_76-b03) (build 1.8.0_76-release-b03)
# Java VM: OpenJDK 64-Bit Server VM (25.76-b03 mixed mode windows-amd64 compressed oops)
# Failed to write core dump. Minidumps are not enabled by default on client versions of Windows
#

---------------  T H R E A D  ---------------

Current thread (0x00000000027e0800):  JavaThread "main" [_thread_in_vm, id=6500, stack(0x00000000026e0000,0x00000000027e0000)]

Stack: [0x00000000026e0000,0x00000000027e0000]
[error occurred during error reporting (printing stack bounds), id 0xc0000005]

Native frames: (J=compiled Java code, j=interpreted, Vv=VM code, C=native code)

Java frames: (J=compiled Java code, j=interpreted, Vv=VM code)
j  java.util.jar.JarFile.initializeVerifier()V+76
j  java.util.jar.JarFile.getInputStream(Ljava/util/zip/ZipEntry;)Ljava/io/InputStream;+25
j  sun.misc.URLClassPath$JarLoader$2.getInputStream()Ljava/io/InputStream;+11
j  sun.misc.Resource.cachedInputStream()Ljava/io/InputStream;+9
j  sun.misc.Resource.getByteBuffer()Ljava/nio/ByteBuffer;+1
j  java.net.URLClassLoader.defineClass(Ljava/lang/String;Lsun/misc/Resource;)Ljava/lang/Class;+50
j  java.net.URLClassLoader.access$100(Ljava/net/URLClassLoader;Ljava/lang/String;Lsun/misc/Resource;)Ljava/lang/Class;+3
j  java.net.URLClassLoader$1.run()Ljava/lang/Class;+43
j  java.net.URLClassLoader$1.run()Ljava/lang/Object;+1
v  ~StubRoutines::call_stub
j  java.security.AccessController.doPrivileged(Ljava/security/PrivilegedExceptionAction;Ljava/security/AccessControlContext;)Ljava/lang/Object;+0
j  java.net.URLClassLoader.findClass(Ljava/lang/String;)Ljava/lang/Class;+13
j  java.lang.ClassLoader.loadClass(Ljava/lang/String;Z)Ljava/lang/Class;+70
j  sun.misc.Launcher$AppClassLoader.loadClass(Ljava/lang/String;Z)Ljava/lang/Class;+81
j  java.lang.ClassLoader.loadClass(Ljava/lang/String;)Ljava/lang/Class;+3
j  sun.launcher.LauncherHelper.checkAndLoadMain(ZILjava/lang/String;)Ljava/lang/Class;+93
v  ~StubRoutines::call_stub

---------------  P R O C E S S  ---------------

Java Threads: ( => current thread )
  0x0000000016844800 JavaThread "Service Thread" daemon [_thread_blocked, id=176, stack(0x0000000016c40000,0x0000000016d40000)]
  0x000000001500d800 JavaThread "C1 CompilerThread2" daemon [_thread_blocked, id=11892, stack(0x0000000016740000,0x0000000016840000)]
  0x0000000015006800 JavaThread "C2 CompilerThread1" daemon [_thread_blocked, id=9976, stack(0x0000000016640000,0x0000000016740000)]
  0x0000000014fb2000 JavaThread "C2 CompilerThread0" daemon [_thread_blocked, id=5748, stack(0x0000000016540000,0x0000000016640000)]
  0x0000000014fb0800 JavaThread "Attach Listener" daemon [_thread_blocked, id=9152, stack(0x0000000016440000,0x0000000016540000)]
  0x0000000014faf000 JavaThread "Signal Dispatcher" daemon [_thread_blocked, id=8932, stack(0x0000000016340000,0x0000000016440000)]
  0x0000000014f98000 JavaThread "Finalizer" daemon [_thread_blocked, id=1548, stack(0x0000000016220000,0x0000000016320000)]
  0x00000000028d1800 JavaThread "Reference Handler" daemon [_thread_blocked, id=12996, stack(0x0000000016120000,0x0000000016220000)]
=>0x00000000027e0800 JavaThread "main" [_thread_in_vm, id=6500, stack(0x00000000026e0000,0x00000000027e0000)]

Other Threads:
  0x0000000014f75000 VMThread [stack: 0x0000000016020000,0x0000000016120000] [id=6964]
  0x0000000016845000 WatcherThread [stack: 0x0000000016d40000,0x0000000016e40000] [id=7948]

VM state:not at safepoint (normal execution)

VM Mutex/Monitor currently owned by a thread:  ([mutex/lock_event])
[0x0000000000b5c730] SystemDictionary_lock - owner thread: 0x00000000027e0800
[0x0000000000b5df40] Compile_lock - owner thread: 0x00000000027e0800

Heap:
 PSYoungGen      total 76288K, used 2621K [0x00000000eab00000, 0x00000000f0000000, 0x0000000100000000)
  eden space 65536K, 4% used [0x00000000eab00000,0x00000000ead8f5e8,0x00000000eeb00000)
  from space 10752K, 0% used [0x00000000ef580000,0x00000000ef580000,0x00000000f0000000)
  to   space 10752K, 0% used [0x00000000eeb00000,0x00000000eeb00000,0x00000000ef580000)
 ParOldGen       total 175104K, used 0K [0x00000000c0000000, 0x00000000cab00000, 0x00000000eab00000)
  object space 175104K, 0% used [0x00000000c0000000,0x00000000c0000000,0x00000000cab00000)
 Metaspace       used 2579K, capacity 4480K, committed 4480K, reserved 1056768K
  class space    used 272K, capacity 384K, committed 384K, reserved 1048576K

Card table byte_map: [0x0000000011ca0000,0x0000000011eb0000] byte_map_base: 0x00000000116a0000

Marking Bits: (ParMarkBitMap*) 0x0000000057a59d00
 Begin Bits: [0x0000000012410000, 0x0000000013410000)
 End Bits:   [0x0000000013410000, 0x0000000014410000)

Polling page: 0x0000000000b40000

CodeCache: size=245760Kb used=1098Kb max_used=1109Kb free=244661Kb
 bounds [0x00000000028e0000, 0x0000000002b50000, 0x00000000118e0000]
 total_blobs=256 nmethods=24 adapters=147
 compilation: enabled

Compilation events (10 events):
Event: 0.128 Thread 0x000000001500d800   21       3       java.lang.String::getChars (62 bytes)
Event: 0.128 Thread 0x000000001500d800 nmethod 21 0x00000000029f0010 code [0x00000000029f01c0, 0x00000000029f05f8]
Event: 0.128 Thread 0x000000001500d800   20       3       java.lang.String::<init> (82 bytes)
Event: 0.128 Thread 0x000000001500d800 nmethod 20 0x00000000029f0810 code [0x00000000029f09e0, 0x00000000029f0ed8]
Event: 0.134 Thread 0x0000000014fb2000   22       4       java.lang.String::charAt (29 bytes)
Event: 0.134 Thread 0x000000001500d800   23       3       java.util.jar.Attributes$Name::isValid (32 bytes)
Event: 0.135 Thread 0x000000001500d800 nmethod 23 0x00000000029f1d50 code [0x00000000029f1ec0, 0x00000000029f2178]
Event: 0.135 Thread 0x000000001500d800   24       3       java.util.jar.Attributes$Name::isAlpha (30 bytes)
Event: 0.135 Thread 0x000000001500d800 nmethod 24 0x00000000029f2210 code [0x00000000029f2380, 0x00000000029f25b0]
Event: 0.135 Thread 0x0000000014fb2000 nmethod 22 0x00000000029f54d0 code [0x00000000029f5620, 0x00000000029f56d8]

GC Heap History (0 events):
No events

Deoptimization events (0 events):
No events

Internal exceptions (2 events):
Event: 0.036 Thread 0x00000000027e0800 Exception <a 'java/lang/NoSuchMethodError': Method sun.misc.Unsafe.defineClass(Ljava/lang/String;[BII)Ljava/lang/Class; name or signature does not match> (0x00000000eab07cc0) thrown at [C:\src\android\AOSP-openjdk\external\jetbrains\jdk\hotspot\src\share\vR≈ùŒ C¢?
Event: 0.036 Thread 0x00000000027e0800 Exception <a 'java/lang/NoSuchMethodError': Method sun.misc.Unsafe.prefetchRead(Ljava/lang/Object;J)V name or signature does not match> (0x00000000eab07fa8) thrown at [C:\src\android\AOSP-openjdk\external\jetbrains\jdk\hotspot\src\share\vm\prims\jni.cpp, l

Events (10 events):
Event: 0.135 loading class java/util/jar/JarVerifier$3
Event: 0.135 loading class java/util/jar/JarVerifier$3 done
Event: 0.135 loading class java/io/ByteArrayOutputStream
Event: 0.135 loading class java/io/ByteArrayOutputStream done
Event: 0.135 loading class java/lang/Package
Event: 0.135 loading class java/lang/Package done
Event: 0.136 loading class sun/security/util/SignatureFileVerifier
Event: 0.136 loading class sun/security/util/SignatureFileVerifier done
Event: 0.136 loading class sun/security/util/ManifestEntryVerifier
Event: 0.136 loading class sun/security/util/ManifestEntryVerifier done


Dynamic libraries:
0x00007ff7ca460000 - 0x00007ff7ca491000 	C:\Program Files\Android\Android Studio\jre\bin\java.exe
0x00007ffc12300000 - 0x00007ffc124d1000 	C:\Windows\SYSTEM32\ntdll.dll
0x00007ffc10060000 - 0x00007ffc1010b000 	C:\Windows\System32\KERNEL32.DLL
0x00007ffc0e7f0000 - 0x00007ffc0ea0d000 	C:\Windows\System32\KERNELBASE.dll
0x00007ffc0fc10000 - 0x00007ffc0fcb2000 	C:\Windows\System32\ADVAPI32.dll
0x00007ffc0fb70000 - 0x00007ffc0fc0e000 	C:\Windows\System32\msvcrt.dll
0x00007ffc10340000 - 0x00007ffc10399000 	C:\Windows\System32\sechost.dll
0x00007ffc121b0000 - 0x00007ffc122d1000 	C:\Windows\System32\RPCRT4.dll
0x00007ffc0f900000 - 0x00007ffc0fa65000 	C:\Windows\System32\USER32.dll
0x00007ffc0ed90000 - 0x00007ffc0edae000 	C:\Windows\System32\win32u.dll
0x00007ffc10180000 - 0x00007ffc101b4000 	C:\Windows\System32\GDI32.dll
0x00007ffc0edb0000 - 0x00007ffc0ef32000 	C:\Windows\System32\gdi32full.dll
0x00007ffc03020000 - 0x00007ffc03299000 	C:\Windows\WinSxS\amd64_microsoft.windows.common-controls_6595b64144ccf1df_6.0.14393.0_none_2d0f50fcbdb171b8\COMCTL32.dll
0x00007ffc0fd90000 - 0x00007ffc10057000 	C:\Windows\System32\combase.dll
0x00007ffc0ec90000 - 0x00007ffc0ed85000 	C:\Windows\System32\ucrtbase.dll
0x00007ffc0ebc0000 - 0x00007ffc0ec2a000 	C:\Windows\System32\bcryptPrimitives.dll
0x00007ffc10300000 - 0x00007ffc1032e000 	C:\Windows\System32\IMM32.DLL
0x00000000570e0000 - 0x00000000571b2000 	C:\Program Files\Android\Android Studio\jre\jre\bin\msvcr100.dll
0x00000000572a0000 - 0x0000000057ad4000 	C:\Program Files\Android\Android Studio\jre\jre\bin\server\jvm.dll
0x00007ffc10330000 - 0x00007ffc10338000 	C:\Windows\System32\PSAPI.DLL
0x00007ffc0ce00000 - 0x00007ffc0ce09000 	C:\Windows\SYSTEM32\WSOCK32.dll
0x00007ffc10540000 - 0x00007ffc105aa000 	C:\Windows\System32\WS2_32.dll
0x00007ffc0c8e0000 - 0x00007ffc0c903000 	C:\Windows\SYSTEM32\WINMM.dll
0x00007ffc08410000 - 0x00007ffc0841a000 	C:\Windows\SYSTEM32\VERSION.dll
0x00007ffc0c7c0000 - 0x00007ffc0c7eb000 	C:\Windows\SYSTEM32\WINMMBASE.dll
0x00007ffc0eb70000 - 0x00007ffc0ebb2000 	C:\Windows\System32\cfgmgr32.dll
0x00007ffc0cdf0000 - 0x00007ffc0cdff000 	C:\Program Files\Android\Android Studio\jre\jre\bin\verify.dll
0x00007ffc0c790000 - 0x00007ffc0c7b9000 	C:\Program Files\Android\Android Studio\jre\jre\bin\java.dll
0x00007ffc0c910000 - 0x00007ffc0c926000 	C:\Program Files\Android\Android Studio\jre\jre\bin\zip.dll
0x00007ffc105b0000 - 0x00007ffc11ab8000 	C:\Windows\System32\SHELL32.dll
0x00007ffc0f110000 - 0x00007ffc0f7ea000 	C:\Windows\System32\windows.storage.dll
0x00007ffc0e7a0000 - 0x00007ffc0e7ec000 	C:\Windows\System32\powrprof.dll
0x00007ffc10110000 - 0x00007ffc10162000 	C:\Windows\System32\shlwapi.dll
0x00007ffc0e760000 - 0x00007ffc0e76f000 	C:\Windows\System32\kernel.appcore.dll
0x00007ffc0ea10000 - 0x00007ffc0eab9000 	C:\Windows\System32\shcore.dll
0x00007ffc0e780000 - 0x00007ffc0e794000 	C:\Windows\System32\profapi.dll

VM Arguments:
jvm_args: -Djava.awt.headless=true -Xmx1024M -Dfile.encoding=windows-1251 -Duser.country=US -Duser.language=en -Duser.variant 
java_command: com.android.dx.command.Main --dex --force-jumbo --num-threads=4 --multi-dex --output C:\Slowy\app\build\intermediates\transforms\dex\debug\folders\1000\5\slice_2 C:\Slowy\app\build\intermediates\transforms\instantRunSlicer\debug\folders\1\5\slice_2
java_class_path (initial): C:\Android\sdk\build-tools\24.0.1\lib\dx.jar
Launcher Type: SUN_STANDARD

Environment Variables:
PATH=C:\Windows\system32;C:\Windows;C:\Windows\System32\Wbem;C:\Windows\System32\WindowsPowerShell\v1.0\;C:\Program Files (x86)\NVIDIA Corporation\PhysX\Common;C:\Program Files (x86)\GtkSharp\2.12\bin;C:\Windows\system32\config\systemprofile\.dnx\bin;C:\Program Files\Microsoft DNX\Dnvm\;C:\Program Files\Microsoft SQL Server\120\Tools\Binn\;C:\Program Files\Microsoft SQL Server\130\Tools\Binn\;C:\Program Files (x86)\Microsoft Emulator Manager\1.0\;C:\Program Files (x86)\nodejs\;C:\Program Files\Git\cmd;C:\Program Files (x86)\Windows Kits\10\Windows Performance Toolkit\;C:\Users\BIG-Z\AppData\Local\Microsoft\WindowsApps;C:\Users\BIG-Z\AppData\Roaming\npm
USERNAME=BIG-Z
OS=Windows_NT
PROCESSOR_IDENTIFIER=Intel64 Family 6 Model 42 Stepping 7, GenuineIntel



---------------  S Y S T E M  ---------------

OS: Windows 10.0 , 64 bit Build 14393 (10.0.14393.0)

CPU:total 4 (4 cores per cpu, 1 threads per core) family 6 model 42 stepping 7, cmov, cx8, fxsr, mmx, sse, sse2, sse3, ssse3, sse4.1, sse4.2, popcnt, avx, aes, clmul, tsc, tscinvbit

Memory: 4k page, physical 16746384k(2799404k free), swap 16746384k(34576k free)

vm_info: OpenJDK 64-Bit Server VM (25.76-b03) for windows-amd64 JRE (1.8.0_76-release-b03), built on Jun 29 2016 19:09:20 by "ralucas" with MS VC++ 10.0 (VS2010)

time: Sun Oct 09 23:41:30 2016
elapsed time: 0 seconds (0d 0h 0m 0s)

